<?xml version="1.0" encoding="UTF-8"?>
<!-- Generated by org.testng.reporters.JUnitXMLReporter -->
<testsuite hostname="DESKTOP-EU0ES0T" name="Default test" tests="4" failures="0" timestamp="5 Jul 2020 14:40:11 GMT" time="55.049" errors="0">
  <testcase name="clickBMI" time="9.679" classname="week3.Dataproviderexample"/>
  <testcase name="bmiOperation" time="14.831" classname="week3.Dataproviderexample"/>
  <testcase name="bmiOperation" time="20.253" classname="week3.Dataproviderexample"/>
  <testcase name="bmiOperation" time="10.069" classname="week3.Dataproviderexample"/>
</testsuite> <!-- Default test -->
