<?xml version="1.0" encoding="UTF-8"?>
<!-- Generated by org.testng.reporters.JUnitXMLReporter -->
<testsuite hostname="DESKTOP-EU0ES0T" name="Sampletest" tests="5" failures="0" timestamp="3 Jul 2020 04:15:57 GMT" time="0.075" errors="0">
  <testcase name="@BeforeSuite openSession" time="0.0" classname="week3.testng2">
    <failure type="org.openqa.selenium.SessionNotCreatedException" message="session not created
from chrome not reachable
  (Session info: chrome=83.0.4103.116)
Build info: version: &amp;apos;3.141.59&amp;apos;, revision: &amp;apos;e82be7d358&amp;apos;, time: &amp;apos;2018-11-14T08:25:48&amp;apos;
System info: host: &amp;apos;DESKTOP-EU0ES0T&amp;apos;, ip: &amp;apos;192.168.0.15&amp;apos;, os.name: &amp;apos;Windows 10&amp;apos;, os.arch: &amp;apos;amd64&amp;apos;, os.version: &amp;apos;10.0&amp;apos;, java.version: &amp;apos;1.8.0_211&amp;apos;
Driver info: driver.version: ChromeDriver
remote stacktrace: Backtrace:
	Ordinal0 [0x01029563+2725219]
	Ordinal0 [0x00F28551+1672529]
	Ordinal0 [0x00E10202+524802]
	Ordinal0 [0x00E099B2+498098]
	Ordinal0 [0x00E0A09B+499867]
	Ordinal0 [0x00E0AFF5+503797]
	Ordinal0 [0x00E06994+485780]
	Ordinal0 [0x00E10FF0+528368]
	Ordinal0 [0x00DBD6C9+186057]
	Ordinal0 [0x00DBCA3D+182845]
	Ordinal0 [0x00DBA94B+174411]
	Ordinal0 [0x00DA2528+75048]
	Ordinal0 [0x00DA35A0+79264]
	Ordinal0 [0x00DA3539+79161]
	Ordinal0 [0x00F3D607+1758727]
	GetHandleVerifier [0x01146546+1050150]
	GetHandleVerifier [0x01146291+1049457]
	GetHandleVerifier [0x011510D7+1094071]
	GetHandleVerifier [0x01146B46+1051686]
	Ordinal0 [0x00F35B06+1727238]
	Ordinal0 [0x00F3EB7B+1764219]
	Ordinal0 [0x00F3ECE3+1764579]
	Ordinal0 [0x00F54C05+1854469]
	BaseThreadInitThunk [0x77A46359+25]
	RtlGetAppContainerNamedObjectPath [0x77D27C24+228]
	RtlGetAppContainerNamedObjectPath [0x77D27BF4+180]
">
      <![CDATA[org.openqa.selenium.SessionNotCreatedException: session not created
from chrome not reachable
  (Session info: chrome=83.0.4103.116)
Build info: version: '3.141.59', revision: 'e82be7d358', time: '2018-11-14T08:25:48'
System info: host: 'DESKTOP-EU0ES0T', ip: '192.168.0.15', os.name: 'Windows 10', os.arch: 'amd64', os.version: '10.0', java.version: '1.8.0_211'
Driver info: driver.version: ChromeDriver
remote stacktrace: Backtrace:
	Ordinal0 [0x01029563+2725219]
	Ordinal0 [0x00F28551+1672529]
	Ordinal0 [0x00E10202+524802]
	Ordinal0 [0x00E099B2+498098]
	Ordinal0 [0x00E0A09B+499867]
	Ordinal0 [0x00E0AFF5+503797]
	Ordinal0 [0x00E06994+485780]
	Ordinal0 [0x00E10FF0+528368]
	Ordinal0 [0x00DBD6C9+186057]
	Ordinal0 [0x00DBCA3D+182845]
	Ordinal0 [0x00DBA94B+174411]
	Ordinal0 [0x00DA2528+75048]
	Ordinal0 [0x00DA35A0+79264]
	Ordinal0 [0x00DA3539+79161]
	Ordinal0 [0x00F3D607+1758727]
	GetHandleVerifier [0x01146546+1050150]
	GetHandleVerifier [0x01146291+1049457]
	GetHandleVerifier [0x011510D7+1094071]
	GetHandleVerifier [0x01146B46+1051686]
	Ordinal0 [0x00F35B06+1727238]
	Ordinal0 [0x00F3EB7B+1764219]
	Ordinal0 [0x00F3ECE3+1764579]
	Ordinal0 [0x00F54C05+1854469]
	BaseThreadInitThunk [0x77A46359+25]
	RtlGetAppContainerNamedObjectPath [0x77D27C24+228]
	RtlGetAppContainerNamedObjectPath [0x77D27BF4+180]

	at org.openqa.selenium.remote.W3CHandshakeResponse.lambda$errorHandler$0(W3CHandshakeResponse.java:62)
	at org.openqa.selenium.remote.HandshakeResponse.lambda$getResponseFunction$0(HandshakeResponse.java:30)
	at org.openqa.selenium.remote.ProtocolHandshake.lambda$createSession$0(ProtocolHandshake.java:126)
	at java.util.stream.ReferencePipeline$3$1.accept(Unknown Source)
	at java.util.Spliterators$ArraySpliterator.tryAdvance(Unknown Source)
	at java.util.stream.ReferencePipeline.forEachWithCancel(Unknown Source)
	at java.util.stream.AbstractPipeline.copyIntoWithCancel(Unknown Source)
	at java.util.stream.AbstractPipeline.copyInto(Unknown Source)
	at java.util.stream.AbstractPipeline.wrapAndCopyInto(Unknown Source)
	at java.util.stream.FindOps$FindOp.evaluateSequential(Unknown Source)
	at java.util.stream.AbstractPipeline.evaluate(Unknown Source)
	at java.util.stream.ReferencePipeline.findFirst(Unknown Source)
	at org.openqa.selenium.remote.ProtocolHandshake.createSession(ProtocolHandshake.java:128)
	at org.openqa.selenium.remote.ProtocolHandshake.createSession(ProtocolHandshake.java:74)
	at org.openqa.selenium.remote.HttpCommandExecutor.execute(HttpCommandExecutor.java:136)
	at org.openqa.selenium.remote.service.DriverCommandExecutor.execute(DriverCommandExecutor.java:83)
	at org.openqa.selenium.remote.RemoteWebDriver.execute(RemoteWebDriver.java:552)
	at org.openqa.selenium.remote.RemoteWebDriver.startSession(RemoteWebDriver.java:213)
	at org.openqa.selenium.remote.RemoteWebDriver.<init>(RemoteWebDriver.java:131)
	at org.openqa.selenium.chrome.ChromeDriver.<init>(ChromeDriver.java:181)
	at org.openqa.selenium.chrome.ChromeDriver.<init>(ChromeDriver.java:168)
	at org.openqa.selenium.chrome.ChromeDriver.<init>(ChromeDriver.java:123)
	at week3.testng2.openSession(testng2.java:18)
... Removed 22 stack frames]]>
    </failure>
  </testcase> <!-- @BeforeSuite openSession -->
  <testcase name="@BeforeTest chkTitle" time="0.0" classname="week3.testng2">
    <skipped/>
  </testcase> <!-- @BeforeTest chkTitle -->
  <testcase name="@BeforeMethod befmeth" time="0.0" classname="week3.testng2">
    <skipped/>
  </testcase> <!-- @BeforeMethod befmeth -->
  <testcase name="@BeforeMethod befmeth" time="0.0" classname="week3.testng2">
    <skipped/>
  </testcase> <!-- @BeforeMethod befmeth -->
  <testcase name="@BeforeClass openBrowser" time="0.0" classname="week3.NewTest">
    <skipped/>
  </testcase> <!-- @BeforeClass openBrowser -->
  <testcase name="enterValue" time="0.001" classname="week3.testng2">
    <skipped/>
  </testcase> <!-- enterValue -->
  <testcase name="bmiClick" time="0.002" classname="week3.testng2">
    <skipped/>
  </testcase> <!-- bmiClick -->
  <testcase name="bmiClick" time="0.002" classname="week3.NewTest">
    <skipped/>
  </testcase> <!-- bmiClick -->
  <testcase name="enterValue" time="0.0" classname="week3.NewTest">
    <skipped/>
  </testcase> <!-- enterValue -->
  <testcase name="test3" time="0.0" classname="week3.NewTest">
    <skipped/>
  </testcase> <!-- test3 -->
</testsuite> <!-- Sampletest -->
