<?xml version="1.0" encoding="UTF-8"?>
<!-- Generated by org.testng.reporters.JUnitXMLReporter -->
<testsuite hostname="DESKTOP-EU0ES0T" name="practice" tests="3" failures="1" timestamp="5 Jul 2020 14:13:37 GMT" time="0.318" errors="0">
  <testcase name="bmiClick" time="0.093" classname="week3.practice">
    <failure type="java.lang.NullPointerException">
      <![CDATA[java.lang.NullPointerException
	at week3.practice.bmiClick(practice.java:28)
... Removed 24 stack frames]]>
    </failure>
  </testcase> <!-- bmiClick -->
  <testcase name="enterValue" time="0.0" classname="week3.practice">
    <skipped/>
  </testcase> <!-- enterValue -->
  <testcase name="test3" time="0.0" classname="week3.practice">
    <skipped/>
  </testcase> <!-- test3 -->
</testsuite> <!-- practice -->
