<?xml version="1.0" encoding="UTF-8"?>
<testng-results skipped="0" failed="0" total="2" passed="2">
  <reporter-output>
  </reporter-output>
  <suite name="paralleltest" duration-ms="83234" started-at="2020-07-05T15:01:57Z" finished-at="2020-07-05T15:03:21Z">
    <groups>
    </groups>
    <test name="parallebrowserchrome" duration-ms="32480" started-at="2020-07-05T15:01:57Z" finished-at="2020-07-05T15:02:30Z">
      <class name="week3.Parallelmethod">
        <test-method status="PASS" signature="doParalTest(java.lang.String)[pri:1, instance:week3.Parallelmethod@d2cc05a]" name="doParalTest" duration-ms="32305" started-at="2020-07-05T20:31:57Z" finished-at="2020-07-05T20:32:30Z">
          <params>
            <param index="0">
              <value>
                <![CDATA[chrome]]>
              </value>
            </param>
          </params>
          <reporter-output>
          </reporter-output>
        </test-method> <!-- doParalTest -->
      </class> <!-- week3.Parallelmethod -->
    </test> <!-- parallebrowserchrome -->
    <test name="parallebrowserfirefox" duration-ms="50530" started-at="2020-07-05T15:02:30Z" finished-at="2020-07-05T15:03:21Z">
      <class name="week3.Parallelmethod">
        <test-method status="PASS" signature="doParalTest(java.lang.String)[pri:1, instance:week3.Parallelmethod@2b98378d]" name="doParalTest" duration-ms="50470" started-at="2020-07-05T20:32:30Z" finished-at="2020-07-05T20:33:21Z">
          <params>
            <param index="0">
              <value>
                <![CDATA[firefox]]>
              </value>
            </param>
          </params>
          <reporter-output>
          </reporter-output>
        </test-method> <!-- doParalTest -->
      </class> <!-- week3.Parallelmethod -->
    </test> <!-- parallebrowserfirefox -->
  </suite> <!-- paralleltest -->
</testng-results>
